<?xml version="1.0" encoding="UTF-8"?>
<!-- Generated by org.testng.reporters.JUnitReportReporter -->
<testsuite skipped="0" hostname="lsy-PC" name="com.test.main.Seleniumtest" tests="1" failures="0" timestamp="01 八月 2018 06:28:38 GMT" time="37.276" errors="0">
  <testcase name="SeleniumTest" time="37.276" classname="com.test.main.Seleniumtest"/>
</testsuite> <!-- com.test.main.Seleniumtest -->
